{
  "RSpec": {
    "coverage": {
      "/Users/frontendrr/Work/flow/app/models/user.rb": [
        1,
        null,
        null,
        1,
        null,
        1,
        1,
        null
      ],
      "/Users/frontendrr/Work/flow/app/models/application_record.rb": [
        1,
        1,
        null
      ],
      "/Users/frontendrr/Work/flow/app/models/download.rb": [
        1,
        1,
        null,
        1,
        1,
        1,
        null,
        1,
        null,
        1,
        50,
        null,
        10,
        null,
        null
      ],
      "/Users/frontendrr/Work/flow/app/models/input.rb": [
        1,
        1,
        null,
        1,
        1,
        null
      ],
      "/Users/frontendrr/Work/flow/app/models/output_error.rb": [
        1,
        1,
        null,
        1,
        null
      ],
      "/Users/frontendrr/Work/flow/app/models/output.rb": [
        1,
        1,
        null,
        1,
        1,
        null
      ],
      "/Users/frontendrr/Work/flow/app/models/stream.rb": [
        1,
        1,
        null,
        1,
        null,
        1,
        null,
        1,
        11,
        44,
        null,
        44,
        44,
        44,
        44,
        44,
        44,
        null,
        4,
        null,
        40,
        null,
        null,
        null,
        null,
        1,
        null,
        1,
        40,
        40,
        null,
        null,
        1,
        4,
        4,
        null,
        null,
        1,
        11,
        11,
        null,
        11,
        null,
        11,
        null,
        11,
        null,
        11,
        null,
        null
      ],
      "/Users/frontendrr/Work/flow/app/controllers/stream_controller.rb": [
        1,
        1,
        7,
        null,
        null,
        1,
        4,
        4,
        null,
        4,
        null,
        null,
        1,
        5,
        5,
        5,
        null,
        5,
        null,
        null,
        5,
        null,
        5,
        null,
        5,
        null,
        null,
        1,
        12,
        12,
        null,
        null,
        1,
        1,
        1,
        null,
        1,
        null,
        null,
        1,
        null,
        1,
        19,
        null,
        null
      ],
      "/Users/frontendrr/Work/flow/app/controllers/application_controller.rb": [
        1,
        1,
        null,
        1,
        null
      ],
      "/Users/frontendrr/Work/flow/app/uploaders/csv_uploader.rb": [
        1,
        null,
        null,
        null,
        null,
        null,
        1,
        null,
        null,
        null,
        null,
        1,
        22,
        null,
        null,
        null,
        null,
        null,
        null,
        null,
        null,
        null,
        null,
        null,
        null,
        null,
        null,
        null,
        null,
        null,
        null,
        null,
        null,
        null,
        null,
        null,
        null,
        null,
        null,
        null,
        null,
        null,
        null,
        null,
        null,
        null,
        null
      ],
      "/Users/frontendrr/Work/flow/app/controllers/download_controller.rb": [
        1,
        1,
        3,
        null,
        null,
        1,
        5,
        5,
        5,
        5,
        5,
        5,
        null,
        null
      ]
    },
    "timestamp": 1523192502
  }
}
